<?xml version="1.0" encoding="UTF-8"?>
<!-- Generated by org.testng.reporters.JUnitXMLReporter -->
<testsuite hostname="BLR2DEVLP0932" ignored="1" name="Default test" tests="1" failures="0" timestamp="22 Jul 2017 12:49:33 GMT" time="7.646" errors="0">
  <testcase name="validLoginScenario" time="2.574" classname="com.testScriptSample.Login"/>
  <testcase name="invalidLoginScenario" time="0.0" classname="com.testScriptSample.Login">
    <ignored/>
  </testcase> <!-- invalidLoginScenario -->
</testsuite> <!-- Default test -->
