<?xml version="1.0" encoding="UTF-8"?>
<!-- Generated by org.testng.reporters.JUnitXMLReporter -->
<testsuite hostname="BLR2DEVLP0932" ignored="2" name="Test" tests="4" failures="0" timestamp="23 Jul 2017 06:44:51 GMT" time="62.965" errors="0">
  <testcase name="invalidLoginScenario" time="8.306" classname="com.testScriptSample.Login"/>
  <testcase name="validLoginScenario" time="3.963" classname="com.testScriptSample.Login"/>
  <testcase name="invalidSearchScenario" time="17.076" classname="com.testScriptSample.SearchScenario"/>
  <testcase name="validSearchScenario" time="7.009" classname="com.testScriptSample.SearchScenario"/>
  <testcase name="@BeforeSuite intializeSuite" time="0.0" classname="com.genericlibrary.BaseClass">
    <ignored/>
  </testcase> <!-- @BeforeSuite intializeSuite -->
  <testcase name="@AfterSuite endSuite" time="0.0" classname="com.genericlibrary.BaseClass">
    <ignored/>
  </testcase> <!-- @AfterSuite endSuite -->
</testsuite> <!-- Test -->
