<?xml version="1.0" encoding="UTF-8"?>
<testsuite xmlns:xsi="http://www.w3.org/2001/XMLSchema-instance" xsi:schemaLocation="https://maven.apache.org/surefire/maven-surefire-plugin/xsd/surefire-test-report.xsd" name="TestSuite" time="63.934" tests="4" errors="0" skipped="0" failures="0">
  <properties>
[...]
</properties>
  <testcase name="invalidLoginScenario" classname="com.testScriptSample.Login" time="8.304"/>
  <testcase name="validLoginScenario" classname="com.testScriptSample.Login" time="3.964"/>
  <testcase name="invalidSearchScenario" classname="com.testScriptSample.SearchScenario" time="17.075"/>
  <testcase name="validSearchScenario" classname="com.testScriptSample.SearchScenario" time="7.009"/>
</testsuite>